<?xml version="1.0" encoding="UTF-8"?>
<coverage generated="1674597494553" clover="3.2.0">
  <project timestamp="1674597494553" name="All files">
    <metrics statements="16" coveredstatements="16" conditionals="14" coveredconditionals="14" methods="5" coveredmethods="5" elements="35" coveredelements="35" complexity="0" loc="16" ncloc="16" packages="1" files="1" classes="1"/>
    <file name="bankAccount.js" path="/Users/bodhisattva/Projects/js/bank-tech-test/src/bankAccount.js">
      <metrics statements="16" coveredstatements="16" conditionals="14" coveredconditionals="14" methods="5" coveredmethods="5"/>
      <line num="3" count="6" type="stmt"/>
      <line num="4" count="6" type="stmt"/>
      <line num="8" count="7" type="cond" truecount="4" falsecount="0"/>
      <line num="9" count="2" type="stmt"/>
      <line num="11" count="5" type="stmt"/>
      <line num="12" count="5" type="stmt"/>
      <line num="21" count="5" type="cond" truecount="4" falsecount="0"/>
      <line num="22" count="2" type="stmt"/>
      <line num="24" count="3" type="cond" truecount="2" falsecount="0"/>
      <line num="25" count="1" type="stmt"/>
      <line num="27" count="2" type="stmt"/>
      <line num="28" count="2" type="stmt"/>
      <line num="37" count="1" type="stmt"/>
      <line num="38" count="1" type="stmt"/>
      <line num="39" count="3" type="cond" truecount="4" falsecount="0"/>
      <line num="44" count="1" type="stmt"/>
    </file>
  </project>
</coverage>
