{"/Users/bodhisattva/Projects/js/bank-tech-test/src/bankAccount.js": {"path":"/Users/bodhisattva/Projects/js/bank-tech-test/src/bankAccount.js","statementMap":{"0":{"start":{"line":3,"column":4},"end":{"line":3,"column":26}},"1":{"start":{"line":4,"column":4},"end":{"line":4,"column":20}},"2":{"start":{"line":8,"column":4},"end":{"line":10,"column":5}},"3":{"start":{"line":9,"column":6},"end":{"line":9,"column":48}},"4":{"start":{"line":11,"column":4},"end":{"line":11,"column":38}},"5":{"start":{"line":12,"column":4},"end":{"line":17,"column":6}},"6":{"start":{"line":21,"column":4},"end":{"line":23,"column":5}},"7":{"start":{"line":22,"column":6},"end":{"line":22,"column":51}},"8":{"start":{"line":24,"column":4},"end":{"line":26,"column":5}},"9":{"start":{"line":25,"column":6},"end":{"line":25,"column":46}},"10":{"start":{"line":27,"column":4},"end":{"line":27,"column":38}},"11":{"start":{"line":28,"column":4},"end":{"line":33,"column":6}},"12":{"start":{"line":37,"column":4},"end":{"line":37,"column":53}},"13":{"start":{"line":38,"column":4},"end":{"line":40,"column":6}},"14":{"start":{"line":39,"column":6},"end":{"line":39,"column":127}},"15":{"start":{"line":44,"column":0},"end":{"line":44,"column":29}}},"fnMap":{"0":{"name":"(anonymous_0)","decl":{"start":{"line":2,"column":2},"end":{"line":2,"column":3}},"loc":{"start":{"line":2,"column":16},"end":{"line":5,"column":3}},"line":2},"1":{"name":"(anonymous_1)","decl":{"start":{"line":7,"column":2},"end":{"line":7,"column":3}},"loc":{"start":{"line":7,"column":18},"end":{"line":18,"column":3}},"line":7},"2":{"name":"(anonymous_2)","decl":{"start":{"line":20,"column":2},"end":{"line":20,"column":3}},"loc":{"start":{"line":20,"column":19},"end":{"line":34,"column":3}},"line":20},"3":{"name":"(anonymous_3)","decl":{"start":{"line":36,"column":2},"end":{"line":36,"column":3}},"loc":{"start":{"line":36,"column":19},"end":{"line":41,"column":3}},"line":36},"4":{"name":"(anonymous_4)","decl":{"start":{"line":38,"column":40},"end":{"line":38,"column":41}},"loc":{"start":{"line":38,"column":55},"end":{"line":40,"column":5}},"line":38}},"branchMap":{"0":{"loc":{"start":{"line":8,"column":4},"end":{"line":10,"column":5}},"type":"if","locations":[{"start":{"line":8,"column":4},"end":{"line":10,"column":5}},{"start":{},"end":{}}],"line":8},"1":{"loc":{"start":{"line":8,"column":7},"end":{"line":8,"column":47}},"type":"binary-expr","locations":[{"start":{"line":8,"column":7},"end":{"line":8,"column":18}},{"start":{"line":8,"column":22},"end":{"line":8,"column":47}}],"line":8},"2":{"loc":{"start":{"line":21,"column":4},"end":{"line":23,"column":5}},"type":"if","locations":[{"start":{"line":21,"column":4},"end":{"line":23,"column":5}},{"start":{},"end":{}}],"line":21},"3":{"loc":{"start":{"line":21,"column":7},"end":{"line":21,"column":47}},"type":"binary-expr","locations":[{"start":{"line":21,"column":7},"end":{"line":21,"column":18}},{"start":{"line":21,"column":22},"end":{"line":21,"column":47}}],"line":21},"4":{"loc":{"start":{"line":24,"column":4},"end":{"line":26,"column":5}},"type":"if","locations":[{"start":{"line":24,"column":4},"end":{"line":26,"column":5}},{"start":{},"end":{}}],"line":24},"5":{"loc":{"start":{"line":39,"column":44},"end":{"line":39,"column":68}},"type":"binary-expr","locations":[{"start":{"line":39,"column":44},"end":{"line":39,"column":62}},{"start":{"line":39,"column":66},"end":{"line":39,"column":68}}],"line":39},"6":{"loc":{"start":{"line":39,"column":75},"end":{"line":39,"column":98}},"type":"binary-expr","locations":[{"start":{"line":39,"column":75},"end":{"line":39,"column":92}},{"start":{"line":39,"column":96},"end":{"line":39,"column":98}}],"line":39}},"s":{"0":6,"1":6,"2":7,"3":2,"4":5,"5":5,"6":5,"7":2,"8":3,"9":1,"10":2,"11":2,"12":1,"13":1,"14":3,"15":1},"f":{"0":6,"1":7,"2":5,"3":1,"4":3},"b":{"0":[2,5],"1":[7,6],"2":[2,3],"3":[5,4],"4":[1,2],"5":[3,1],"6":[3,2]},"_coverageSchema":"1a1c01bbd47fc00a2c39e90264f33305004495a9","hash":"aa955263d387a38b2004fe6a03e7a3de7973d83c"}
}
