TN:
SF:src/bankAccount.js
FN:2,(anonymous_0)
FN:7,(anonymous_1)
FN:20,(anonymous_2)
FN:36,(anonymous_3)
FN:38,(anonymous_4)
FNF:5
FNH:5
FNDA:6,(anonymous_0)
FNDA:7,(anonymous_1)
FNDA:5,(anonymous_2)
FNDA:1,(anonymous_3)
FNDA:3,(anonymous_4)
DA:3,6
DA:4,6
DA:8,7
DA:9,2
DA:11,5
DA:12,5
DA:21,5
DA:22,2
DA:24,3
DA:25,1
DA:27,2
DA:28,2
DA:37,1
DA:38,1
DA:39,3
DA:44,1
LF:16
LH:16
BRDA:8,0,0,2
BRDA:8,0,1,5
BRDA:8,1,0,7
BRDA:8,1,1,6
BRDA:21,2,0,2
BRDA:21,2,1,3
BRDA:21,3,0,5
BRDA:21,3,1,4
BRDA:24,4,0,1
BRDA:24,4,1,2
BRDA:39,5,0,3
BRDA:39,5,1,1
BRDA:39,6,0,3
BRDA:39,6,1,2
BRF:14
BRH:14
end_of_record
